[debug] [2023-06-21T22:41:12.467Z] ----------------------------------------------------------------------
[debug] [2023-06-21T22:41:12.484Z] Command:       C:\Program Files\nodejs\node.exe C:\Users\Adrian\AppData\Roaming\npm\node_modules\firebase-tools\lib\bin\firebase.js init
[debug] [2023-06-21T22:41:12.486Z] CLI Version:   12.4.0
[debug] [2023-06-21T22:41:12.486Z] Platform:      win32
[debug] [2023-06-21T22:41:12.487Z] Node Version:  v20.2.0
[debug] [2023-06-21T22:41:12.488Z] Time:          Thu Jun 22 2023 00:41:12 GMT+0200 (czas środkowoeuropejski letni)
[debug] [2023-06-21T22:41:12.489Z] ----------------------------------------------------------------------
[debug] 
[debug] [2023-06-21T22:41:12.520Z] > command requires scopes: ["email","openid","https://www.googleapis.com/auth/cloudplatformprojects.readonly","https://www.googleapis.com/auth/firebase","https://www.googleapis.com/auth/cloud-platform"]
[debug] [2023-06-21T22:41:12.521Z] > authorizing via signed-in user (adrian.zmuda94@gmail.com)
[info] 
     ######## #### ########  ######## ########     ###     ######  ########
     ##        ##  ##     ## ##       ##     ##  ##   ##  ##       ##
     ######    ##  ########  ######   ########  #########  ######  ######
     ##        ##  ##    ##  ##       ##     ## ##     ##       ## ##
     ##       #### ##     ## ######## ########  ##     ##  ######  ########

You're about to initialize a Firebase project in this directory:

  C:\Users\Adrian\Desktop\shop

[info] 
=== Project Setup
[info] 
[info] First, let's associate this project directory with a Firebase project.
[info] You can create multiple project aliases by running firebase use --add, 
[info] but for now we'll just set up a default project.
[info] 
[debug] [2023-06-21T22:41:51.821Z] >>> [apiv2][query] GET https://firebase.googleapis.com/v1beta1/projects pageSize=100
[debug] [2023-06-21T22:41:52.549Z] <<< [apiv2][status] GET https://firebase.googleapis.com/v1beta1/projects 200
[debug] [2023-06-21T22:41:52.550Z] <<< [apiv2][body] GET https://firebase.googleapis.com/v1beta1/projects [omitted]
[info] i  Using project shopapi-6deed (shopAPI) 
[info] 
=== Hosting Setup
[info] 
[info] Your public directory is the folder (relative to your project directory) that
[info] will contain Hosting assets to be uploaded with firebase deploy. If you
[info] have a build process for your assets, use your build's output directory.
[info] 
